{
"D:\\workspace\\cs3284\\travis-coveralls-demo\\server\\daos\\todoDao.js":{"path":"D:\\workspace\\cs3284\\travis-coveralls-demo\\server\\daos\\todoDao.js","s":{"1":1,"2":1,"3":1,"4":1,"5":1,"6":0,"7":0,"8":0,"9":0,"10":0,"11":0,"12":1,"13":1,"14":1,"15":1,"16":1,"17":0,"18":0,"19":1,"20":0,"21":0,"22":0,"23":0,"24":0,"25":0,"26":1,"27":0,"28":0,"29":0,"30":0,"31":0,"32":0},"b":{"1":[1,0],"2":[0,0],"3":[0,0],"4":[1,0],"5":[1,1],"6":[0,0],"7":[0,0],"8":[0,0],"9":[0,0]},"f":{"1":0,"2":0,"3":0,"4":0,"5":0,"6":1,"7":0,"8":0,"9":0,"10":0,"11":0,"12":0,"13":0,"14":0,"15":0,"16":0,"17":0,"18":0,"19":0,"20":0},"fnMap":{"1":{"name":"(anonymous_1)","line":7,"loc":{"start":{"line":7,"column":26},"end":{"line":7,"column":50}}},"2":{"name":"(anonymous_2)","line":8,"loc":{"start":{"line":8,"column":13},"end":{"line":8,"column":34}}},"3":{"name":"(anonymous_3)","line":9,"loc":{"start":{"line":9,"column":19},"end":{"line":9,"column":32}}},"4":{"name":"(anonymous_4)","line":11,"loc":{"start":{"line":11,"column":37},"end":{"line":11,"column":60}}},"5":{"name":"(anonymous_5)","line":13,"loc":{"start":{"line":13,"column":5},"end":{"line":13,"column":19}}},"6":{"name":"(anonymous_6)","line":18,"loc":{"start":{"line":18,"column":26},"end":{"line":18,"column":46}}},"7":{"name":"(anonymous_7)","line":19,"loc":{"start":{"line":19,"column":13},"end":{"line":19,"column":34}}},"8":{"name":"(anonymous_8)","line":20,"loc":{"start":{"line":20,"column":19},"end":{"line":20,"column":32}}},"9":{"name":"(anonymous_9)","line":22,"loc":{"start":{"line":22,"column":37},"end":{"line":22,"column":60}}},"10":{"name":"(anonymous_10)","line":24,"loc":{"start":{"line":24,"column":5},"end":{"line":24,"column":19}}},"11":{"name":"(anonymous_11)","line":29,"loc":{"start":{"line":29,"column":24},"end":{"line":29,"column":57}}},"12":{"name":"(anonymous_12)","line":30,"loc":{"start":{"line":30,"column":13},"end":{"line":30,"column":34}}},"13":{"name":"(anonymous_13)","line":31,"loc":{"start":{"line":31,"column":19},"end":{"line":31,"column":32}}},"14":{"name":"(anonymous_14)","line":33,"loc":{"start":{"line":33,"column":37},"end":{"line":33,"column":60}}},"15":{"name":"(anonymous_15)","line":35,"loc":{"start":{"line":35,"column":5},"end":{"line":35,"column":19}}},"16":{"name":"(anonymous_16)","line":40,"loc":{"start":{"line":40,"column":27},"end":{"line":40,"column":51}}},"17":{"name":"(anonymous_17)","line":41,"loc":{"start":{"line":41,"column":13},"end":{"line":41,"column":34}}},"18":{"name":"(anonymous_18)","line":42,"loc":{"start":{"line":42,"column":19},"end":{"line":42,"column":32}}},"19":{"name":"(anonymous_19)","line":44,"loc":{"start":{"line":44,"column":37},"end":{"line":44,"column":60}}},"20":{"name":"(anonymous_20)","line":46,"loc":{"start":{"line":46,"column":5},"end":{"line":46,"column":19}}}},"statementMap":{"1":{"start":{"line":1,"column":0},"end":{"line":1,"column":42}},"2":{"start":{"line":2,"column":0},"end":{"line":2,"column":45}},"3":{"start":{"line":4,"column":0},"end":{"line":4,"column":31}},"4":{"start":{"line":5,"column":0},"end":{"line":5,"column":91}},"5":{"start":{"line":7,"column":0},"end":{"line":16,"column":1}},"6":{"start":{"line":8,"column":2},"end":{"line":8,"column":37}},"7":{"start":{"line":9,"column":2},"end":{"line":9,"column":35}},"8":{"start":{"line":10,"column":2},"end":{"line":10,"column":77}},"9":{"start":{"line":11,"column":2},"end":{"line":15,"column":5}},"10":{"start":{"line":12,"column":4},"end":{"line":12,"column":21}},"11":{"start":{"line":14,"column":4},"end":{"line":14,"column":15}},"12":{"start":{"line":18,"column":0},"end":{"line":27,"column":1}},"13":{"start":{"line":19,"column":2},"end":{"line":19,"column":37}},"14":{"start":{"line":20,"column":2},"end":{"line":20,"column":35}},"15":{"start":{"line":21,"column":2},"end":{"line":21,"column":49}},"16":{"start":{"line":22,"column":2},"end":{"line":26,"column":5}},"17":{"start":{"line":23,"column":4},"end":{"line":23,"column":21}},"18":{"start":{"line":25,"column":4},"end":{"line":25,"column":15}},"19":{"start":{"line":29,"column":0},"end":{"line":38,"column":1}},"20":{"start":{"line":30,"column":2},"end":{"line":30,"column":37}},"21":{"start":{"line":31,"column":2},"end":{"line":31,"column":35}},"22":{"start":{"line":32,"column":2},"end":{"line":32,"column":94}},"23":{"start":{"line":33,"column":2},"end":{"line":37,"column":5}},"24":{"start":{"line":34,"column":4},"end":{"line":34,"column":21}},"25":{"start":{"line":36,"column":4},"end":{"line":36,"column":15}},"26":{"start":{"line":40,"column":0},"end":{"line":49,"column":1}},"27":{"start":{"line":41,"column":2},"end":{"line":41,"column":37}},"28":{"start":{"line":42,"column":2},"end":{"line":42,"column":35}},"29":{"start":{"line":43,"column":2},"end":{"line":43,"column":67}},"30":{"start":{"line":44,"column":2},"end":{"line":48,"column":5}},"31":{"start":{"line":45,"column":4},"end":{"line":45,"column":21}},"32":{"start":{"line":47,"column":4},"end":{"line":47,"column":15}}},"branchMap":{"1":{"line":5,"type":"cond-expr","locations":[{"start":{"line":5,"column":29},"end":{"line":5,"column":60}},{"start":{"line":5,"column":63},"end":{"line":5,"column":90}}]},"2":{"line":8,"type":"binary-expr","locations":[{"start":{"line":8,"column":7},"end":{"line":8,"column":9}},{"start":{"line":8,"column":13},"end":{"line":8,"column":36}}]},"3":{"line":9,"type":"binary-expr","locations":[{"start":{"line":9,"column":10},"end":{"line":9,"column":15}},{"start":{"line":9,"column":19},"end":{"line":9,"column":34}}]},"4":{"line":19,"type":"binary-expr","locations":[{"start":{"line":19,"column":7},"end":{"line":19,"column":9}},{"start":{"line":19,"column":13},"end":{"line":19,"column":36}}]},"5":{"line":20,"type":"binary-expr","locations":[{"start":{"line":20,"column":10},"end":{"line":20,"column":15}},{"start":{"line":20,"column":19},"end":{"line":20,"column":34}}]},"6":{"line":30,"type":"binary-expr","locations":[{"start":{"line":30,"column":7},"end":{"line":30,"column":9}},{"start":{"line":30,"column":13},"end":{"line":30,"column":36}}]},"7":{"line":31,"type":"binary-expr","locations":[{"start":{"line":31,"column":10},"end":{"line":31,"column":15}},{"start":{"line":31,"column":19},"end":{"line":31,"column":34}}]},"8":{"line":41,"type":"binary-expr","locations":[{"start":{"line":41,"column":7},"end":{"line":41,"column":9}},{"start":{"line":41,"column":13},"end":{"line":41,"column":36}}]},"9":{"line":42,"type":"binary-expr","locations":[{"start":{"line":42,"column":10},"end":{"line":42,"column":15}},{"start":{"line":42,"column":19},"end":{"line":42,"column":34}}]}},"l":{"1":1,"2":1,"4":1,"5":1,"7":1,"8":0,"9":0,"10":0,"11":0,"12":0,"14":0,"18":1,"19":1,"20":1,"21":1,"22":1,"23":0,"25":0,"29":1,"30":0,"31":0,"32":0,"33":0,"34":0,"36":0,"40":1,"41":0,"42":0,"43":0,"44":0,"45":0,"47":0}},
"D:\\workspace\\cs3284\\travis-coveralls-demo\\server\\connection.js":{"path":"D:\\workspace\\cs3284\\travis-coveralls-demo\\server\\connection.js","s":{"1":1,"2":1,"3":1,"4":1,"5":4,"6":4,"7":4,"8":0,"9":0,"10":0},"b":{"1":[4,3],"2":[4,3],"3":[0,0]},"f":{"1":4,"2":0,"3":0,"4":0},"fnMap":{"1":{"name":"(anonymous_1)","line":11,"loc":{"start":{"line":11,"column":23},"end":{"line":11,"column":54}}},"2":{"name":"(anonymous_2)","line":12,"loc":{"start":{"line":12,"column":13},"end":{"line":12,"column":34}}},"3":{"name":"(anonymous_3)","line":13,"loc":{"start":{"line":13,"column":19},"end":{"line":13,"column":32}}},"4":{"name":"(anonymous_4)","line":14,"loc":{"start":{"line":14,"column":22},"end":{"line":14,"column":50}}}},"statementMap":{"1":{"start":{"line":1,"column":0},"end":{"line":1,"column":42}},"2":{"start":{"line":2,"column":0},"end":{"line":2,"column":29}},"3":{"start":{"line":4,"column":0},"end":{"line":9,"column":3}},"4":{"start":{"line":11,"column":0},"end":{"line":21,"column":1}},"5":{"start":{"line":12,"column":2},"end":{"line":12,"column":37}},"6":{"start":{"line":13,"column":2},"end":{"line":13,"column":35}},"7":{"start":{"line":14,"column":2},"end":{"line":20,"column":5}},"8":{"start":{"line":15,"column":4},"end":{"line":19,"column":5}},"9":{"start":{"line":16,"column":6},"end":{"line":16,"column":17}},"10":{"start":{"line":18,"column":6},"end":{"line":18,"column":23}}},"branchMap":{"1":{"line":12,"type":"binary-expr","locations":[{"start":{"line":12,"column":7},"end":{"line":12,"column":9}},{"start":{"line":12,"column":13},"end":{"line":12,"column":36}}]},"2":{"line":13,"type":"binary-expr","locations":[{"start":{"line":13,"column":10},"end":{"line":13,"column":15}},{"start":{"line":13,"column":19},"end":{"line":13,"column":34}}]},"3":{"line":15,"type":"if","locations":[{"start":{"line":15,"column":4},"end":{"line":15,"column":4}},{"start":{"line":15,"column":4},"end":{"line":15,"column":4}}]}},"l":{"1":1,"2":1,"4":1,"11":1,"12":4,"13":4,"14":4,"15":0,"16":0,"18":0}}}
